# JRE version: Java(TM) SE Runtime Environment (8.0_202-b08) (build 1.8.0_202-b08)
# Java VM: Java HotSpot(TM) 64-Bit Server VM (25.202-b08 mixed mode windows-amd64 compressed oops)
Heap:
 PSYoungGen      total 870912K, used 138856K [0x0000000775980000, 0x00000007b5d80000, 0x00000007c0000000)
  eden space 832000K, 12% used [0x0000000775980000,0x000000077bb1b5b8,0x00000007a8600000)
  from space 38912K, 99% used [0x00000007a8600000,0x00000007aabfee18,0x00000007aac00000)
  to   space 48640K, 0% used [0x00000007b2e00000,0x00000007b2e00000,0x00000007b5d80000)
 ParOldGen       total 164352K, used 83577K [0x00000006e0c00000, 0x00000006eac80000, 0x0000000775980000)
  object space 164352K, 50% used [0x00000006e0c00000,0x00000006e5d9e7e0,0x00000006eac80000)
 Metaspace       used 30126K, capacity 30437K, committed 30848K, reserved 1077248K
  class space    used 3806K, capacity 3895K, committed 3968K, reserved 1048576K
GC Heap History (10 events):
Event: 5.700 GC heap before
{Heap before GC invocations=9 (full 1):
 PSYoungGen      total 240640K, used 222633K [0x0000000775980000, 0x0000000792e80000, 0x00000007c0000000)
  eden space 210944K, 100% used [0x0000000775980000,0x0000000782780000,0x0000000782780000)
  from space 29696K, 39% used [0x0000000782780000,0x00000007832ea500,0x0000000784480000)
  to   space 29184K, 0% used [0x0000000791200000,0x0000000791200000,0x0000000792e80000)
 ParOldGen       total 153088K, used 57892K [0x00000006e0c00000, 0x00000006ea180000, 0x0000000775980000)
  object space 153088K, 37% used [0x00000006e0c00000,0x00000006e4489118,0x00000006ea180000)
 Metaspace       used 17270K, capacity 17520K, committed 17792K, reserved 1064960K
  class space    used 1968K, capacity 2058K, committed 2176K, reserved 1048576K
Event: 5.720 GC heap after
Heap after GC invocations=9 (full 1):
 PSYoungGen      total 450048K, used 10730K [0x0000000775980000, 0x0000000792d80000, 0x00000007c0000000)
  eden space 421888K, 0% used [0x0000000775980000,0x0000000775980000,0x000000078f580000)
  from space 28160K, 38% used [0x0000000791200000,0x0000000791c7a920,0x0000000792d80000)
  to   space 28672K, 0% used [0x000000078f580000,0x000000078f580000,0x0000000791180000)
 ParOldGen       total 153088K, used 60227K [0x00000006e0c00000, 0x00000006ea180000, 0x0000000775980000)
  object space 153088K, 39% used [0x00000006e0c00000,0x00000006e46d0ea8,0x00000006ea180000)
 Metaspace       used 17270K, capacity 17520K, committed 17792K, reserved 1064960K
  class space    used 1968K, capacity 2058K, committed 2176K, reserved 1048576K
}
Event: 8.385 GC heap before
{Heap before GC invocations=10 (full 1):
 PSYoungGen      total 450048K, used 432618K [0x0000000775980000, 0x0000000792d80000, 0x00000007c0000000)
  eden space 421888K, 100% used [0x0000000775980000,0x000000078f580000,0x000000078f580000)
  from space 28160K, 38% used [0x0000000791200000,0x0000000791c7a920,0x0000000792d80000)
  to   space 28672K, 0% used [0x000000078f580000,0x000000078f580000,0x0000000791180000)
 ParOldGen       total 153088K, used 60227K [0x00000006e0c00000, 0x00000006ea180000, 0x0000000775980000)
  object space 153088K, 39% used [0x00000006e0c00000,0x00000006e46d0ea8,0x00000006ea180000)
 Metaspace       used 20324K, capacity 20592K, committed 20864K, reserved 1067008K
  class space    used 2556K, capacity 2634K, committed 2688K, reserved 1048576K
Event: 8.437 GC heap after
Heap after GC invocations=10 (full 1):
 PSYoungGen      total 450560K, used 28652K [0x0000000775980000, 0x00000007ada80000, 0x00000007c0000000)
  eden space 421888K, 0% used [0x0000000775980000,0x0000000775980000,0x000000078f580000)
  from space 28672K, 99% used [0x000000078f580000,0x000000079117b1f0,0x0000000791180000)
  to   space 37376K, 0% used [0x00000007ab600000,0x00000007ab600000,0x00000007ada80000)
 ParOldGen       total 153088K, used 72156K [0x00000006e0c00000, 0x00000006ea180000, 0x0000000775980000)
  object space 153088K, 47% used [0x00000006e0c00000,0x00000006e5277068,0x00000006ea180000)
 Metaspace       used 20324K, capacity 20592K, committed 20864K, reserved 1067008K
  class space    used 2556K, capacity 2634K, committed 2688K, reserved 1048576K
}
Event: 8.588 GC heap before
{Heap before GC invocations=11 (full 1):
 PSYoungGen      total 450560K, used 70562K [0x0000000775980000, 0x00000007ada80000, 0x00000007c0000000)
  eden space 421888K, 9% used [0x0000000775980000,0x000000077826d9f8,0x000000078f580000)
  from space 28672K, 99% used [0x000000078f580000,0x000000079117b1f0,0x0000000791180000)
  to   space 37376K, 0% used [0x00000007ab600000,0x00000007ab600000,0x00000007ada80000)
 ParOldGen       total 153088K, used 72156K [0x00000006e0c00000, 0x00000006ea180000, 0x0000000775980000)
  object space 153088K, 47% used [0x00000006e0c00000,0x00000006e5277068,0x00000006ea180000)
 Metaspace       used 20781K, capacity 21008K, committed 21248K, reserved 1067008K
  class space    used 2654K, capacity 2730K, committed 2816K, reserved 1048576K
Event: 8.642 GC heap after
Heap after GC invocations=11 (full 1):
 PSYoungGen      total 704000K, used 28564K [0x0000000775980000, 0x00000007ad200000, 0x00000007c0000000)
  eden space 675328K, 0% used [0x0000000775980000,0x0000000775980000,0x000000079ed00000)
  from space 28672K, 99% used [0x00000007ab600000,0x00000007ad1e5188,0x00000007ad200000)
  to   space 38912K, 0% used [0x00000007a8600000,0x00000007a8600000,0x00000007aac00000)
 ParOldGen       total 153088K, used 73816K [0x00000006e0c00000, 0x00000006ea180000, 0x0000000775980000)
  object space 153088K, 48% used [0x00000006e0c00000,0x00000006e54162c0,0x00000006ea180000)
 Metaspace       used 20781K, capacity 21008K, committed 21248K, reserved 1067008K
  class space    used 2654K, capacity 2730K, committed 2816K, reserved 1048576K
}
Event: 8.642 GC heap before
{Heap before GC invocations=12 (full 2):
 PSYoungGen      total 704000K, used 28564K [0x0000000775980000, 0x00000007ad200000, 0x00000007c0000000)
  eden space 675328K, 0% used [0x0000000775980000,0x0000000775980000,0x000000079ed00000)
  from space 28672K, 99% used [0x00000007ab600000,0x00000007ad1e5188,0x00000007ad200000)
  to   space 38912K, 0% used [0x00000007a8600000,0x00000007a8600000,0x00000007aac00000)
 ParOldGen       total 153088K, used 73816K [0x00000006e0c00000, 0x00000006ea180000, 0x0000000775980000)
  object space 153088K, 48% used [0x00000006e0c00000,0x00000006e54162c0,0x00000006ea180000)
 Metaspace       used 20781K, capacity 21008K, committed 21248K, reserved 1067008K
  class space    used 2654K, capacity 2730K, committed 2816K, reserved 1048576K
Event: 8.894 GC heap after
Heap after GC invocations=12 (full 2):
 PSYoungGen      total 704000K, used 0K [0x0000000775980000, 0x00000007ad200000, 0x00000007c0000000)
  eden space 675328K, 0% used [0x0000000775980000,0x0000000775980000,0x000000079ed00000)
  from space 28672K, 0% used [0x00000007ab600000,0x00000007ab600000,0x00000007ad200000)
  to   space 38912K, 0% used [0x00000007a8600000,0x00000007a8600000,0x00000007aac00000)
 ParOldGen       total 164352K, used 71741K [0x00000006e0c00000, 0x00000006eac80000, 0x0000000775980000)
  object space 164352K, 43% used [0x00000006e0c00000,0x00000006e520f6f8,0x00000006eac80000)
 Metaspace       used 20781K, capacity 21008K, committed 21248K, reserved 1067008K
  class space    used 2654K, capacity 2730K, committed 2816K, reserved 1048576K
}
Event: 16.055 GC heap before
{Heap before GC invocations=13 (full 2):
 PSYoungGen      total 704000K, used 675328K [0x0000000775980000, 0x00000007ad200000, 0x00000007c0000000)
  eden space 675328K, 100% used [0x0000000775980000,0x000000079ed00000,0x000000079ed00000)
  from space 28672K, 0% used [0x00000007ab600000,0x00000007ab600000,0x00000007ad200000)
  to   space 38912K, 0% used [0x00000007a8600000,0x00000007a8600000,0x00000007aac00000)
 ParOldGen       total 164352K, used 71741K [0x00000006e0c00000, 0x00000006eac80000, 0x0000000775980000)
  object space 164352K, 43% used [0x00000006e0c00000,0x00000006e520f6f8,0x00000006eac80000)
 Metaspace       used 29028K, capacity 29263K, committed 29696K, reserved 1075200K
  class space    used 3689K, capacity 3762K, committed 3840K, reserved 1048576K
Event: 16.105 GC heap after
Heap after GC invocations=13 (full 2):
 PSYoungGen      total 870912K, used 38907K [0x0000000775980000, 0x00000007b5d80000, 0x00000007c0000000)
  eden space 832000K, 0% used [0x0000000775980000,0x0000000775980000,0x00000007a8600000)
  from space 38912K, 99% used [0x00000007a8600000,0x00000007aabfee18,0x00000007aac00000)
  to   space 48640K, 0% used [0x00000007b2e00000,0x00000007b2e00000,0x00000007b5d80000)
 ParOldGen       total 164352K, used 83577K [0x00000006e0c00000, 0x00000006eac80000, 0x0000000775980000)
  object space 164352K, 50% used [0x00000006e0c00000,0x00000006e5d9e7e0,0x00000006eac80000)
 Metaspace       used 29028K, capacity 29263K, committed 29696K, reserved 1075200K
  class space    used 3689K, capacity 3762K, committed 3840K, reserved 1048576K
}

