# JRE version: Java(TM) SE Runtime Environment (8.0_202-b08) (build 1.8.0_202-b08)
# Java VM: Java HotSpot(TM) 64-Bit Server VM (25.202-b08 mixed mode windows-amd64 compressed oops)
Heap:
 PSYoungGen      total 867328K, used 764169K [0x0000000775980000, 0x00000007bbf80000, 0x00000007c0000000)
  eden space 833536K, 91% used [0x0000000775980000,0x00000007a43c2780,0x00000007a8780000)
  from space 33792K, 0% used [0x00000007a8780000,0x00000007a8780000,0x00000007aa880000)
  to   space 37376K, 0% used [0x00000007b9b00000,0x00000007b9b00000,0x00000007bbf80000)
 ParOldGen       total 165376K, used 70945K [0x00000006e0c00000, 0x00000006ead80000, 0x0000000775980000)
  object space 165376K, 42% used [0x00000006e0c00000,0x00000006e51485d8,0x00000006ead80000)
 Metaspace       used 30150K, capacity 30437K, committed 30848K, reserved 1077248K
  class space    used 3805K, capacity 3895K, committed 3968K, reserved 1048576K
GC Heap History (10 events):
Event: 5.304 GC heap before
{Heap before GC invocations=9 (full 1):
 PSYoungGen      total 240640K, used 222575K [0x0000000775980000, 0x0000000792e80000, 0x00000007c0000000)
  eden space 210432K, 100% used [0x0000000775980000,0x0000000782700000,0x0000000782700000)
  from space 30208K, 40% used [0x0000000782700000,0x00000007832dbd10,0x0000000784480000)
  to   space 29696K, 0% used [0x0000000791180000,0x0000000791180000,0x0000000792e80000)
 ParOldGen       total 153088K, used 59140K [0x00000006e0c00000, 0x00000006ea180000, 0x0000000775980000)
  object space 153088K, 38% used [0x00000006e0c00000,0x00000006e45c1038,0x00000006ea180000)
 Metaspace       used 15959K, capacity 16186K, committed 16512K, reserved 1064960K
  class space    used 1820K, capacity 1889K, committed 1920K, reserved 1048576K
Event: 5.312 GC heap after
Heap after GC invocations=9 (full 1):
 PSYoungGen      total 450560K, used 9151K [0x0000000775980000, 0x0000000792e80000, 0x00000007c0000000)
  eden space 420864K, 0% used [0x0000000775980000,0x0000000775980000,0x000000078f480000)
  from space 29696K, 30% used [0x0000000791180000,0x0000000791a6fd68,0x0000000792e80000)
  to   space 29696K, 0% used [0x000000078f480000,0x000000078f480000,0x0000000791180000)
 ParOldGen       total 153088K, used 61293K [0x00000006e0c00000, 0x00000006ea180000, 0x0000000775980000)
  object space 153088K, 40% used [0x00000006e0c00000,0x00000006e47db578,0x00000006ea180000)
 Metaspace       used 15959K, capacity 16186K, committed 16512K, reserved 1064960K
  class space    used 1820K, capacity 1889K, committed 1920K, reserved 1048576K
}
Event: 6.395 GC heap before
{Heap before GC invocations=10 (full 1):
 PSYoungGen      total 450560K, used 430015K [0x0000000775980000, 0x0000000792e80000, 0x00000007c0000000)
  eden space 420864K, 100% used [0x0000000775980000,0x000000078f480000,0x000000078f480000)
  from space 29696K, 30% used [0x0000000791180000,0x0000000791a6fd68,0x0000000792e80000)
  to   space 29696K, 0% used [0x000000078f480000,0x000000078f480000,0x0000000791180000)
 ParOldGen       total 153088K, used 61293K [0x00000006e0c00000, 0x00000006ea180000, 0x0000000775980000)
  object space 153088K, 40% used [0x00000006e0c00000,0x00000006e47db578,0x00000006ea180000)
 Metaspace       used 17369K, capacity 17584K, committed 18048K, reserved 1064960K
  class space    used 1983K, capacity 2058K, committed 2176K, reserved 1048576K
Event: 6.412 GC heap after
Heap after GC invocations=10 (full 1):
 PSYoungGen      total 450560K, used 6150K [0x0000000775980000, 0x00000007ac980000, 0x00000007c0000000)
  eden space 420864K, 0% used [0x0000000775980000,0x0000000775980000,0x000000078f480000)
  from space 29696K, 20% used [0x000000078f480000,0x000000078fa819c8,0x0000000791180000)
  to   space 29696K, 0% used [0x00000007aac80000,0x00000007aac80000,0x00000007ac980000)
 ParOldGen       total 153088K, used 66560K [0x00000006e0c00000, 0x00000006ea180000, 0x0000000775980000)
  object space 153088K, 43% used [0x00000006e0c00000,0x00000006e4d00150,0x00000006ea180000)
 Metaspace       used 17369K, capacity 17584K, committed 18048K, reserved 1064960K
  class space    used 1983K, capacity 2058K, committed 2176K, reserved 1048576K
}
Event: 8.930 GC heap before
{Heap before GC invocations=11 (full 1):
 PSYoungGen      total 450560K, used 427014K [0x0000000775980000, 0x00000007ac980000, 0x00000007c0000000)
  eden space 420864K, 100% used [0x0000000775980000,0x000000078f480000,0x000000078f480000)
  from space 29696K, 20% used [0x000000078f480000,0x000000078fa819c8,0x0000000791180000)
  to   space 29696K, 0% used [0x00000007aac80000,0x00000007aac80000,0x00000007ac980000)
 ParOldGen       total 153088K, used 66560K [0x00000006e0c00000, 0x00000006ea180000, 0x0000000775980000)
  object space 153088K, 43% used [0x00000006e0c00000,0x00000006e4d00150,0x00000006ea180000)
 Metaspace       used 19855K, capacity 20112K, committed 20480K, reserved 1067008K
  class space    used 2444K, capacity 2538K, committed 2560K, reserved 1048576K
Event: 8.985 GC heap after
Heap after GC invocations=11 (full 1):
 PSYoungGen      total 703488K, used 29394K [0x0000000775980000, 0x00000007ac980000, 0x00000007c0000000)
  eden space 673792K, 0% used [0x0000000775980000,0x0000000775980000,0x000000079eb80000)
  from space 29696K, 98% used [0x00000007aac80000,0x00000007ac934870,0x00000007ac980000)
  to   space 33792K, 0% used [0x00000007a8780000,0x00000007a8780000,0x00000007aa880000)
 ParOldGen       total 153088K, used 70101K [0x00000006e0c00000, 0x00000006ea180000, 0x0000000775980000)
  object space 153088K, 45% used [0x00000006e0c00000,0x00000006e5075740,0x00000006ea180000)
 Metaspace       used 19855K, capacity 20112K, committed 20480K, reserved 1067008K
  class space    used 2444K, capacity 2538K, committed 2560K, reserved 1048576K
}
Event: 9.345 GC heap before
{Heap before GC invocations=12 (full 1):
 PSYoungGen      total 703488K, used 123628K [0x0000000775980000, 0x00000007ac980000, 0x00000007c0000000)
  eden space 673792K, 13% used [0x0000000775980000,0x000000077b586818,0x000000079eb80000)
  from space 29696K, 98% used [0x00000007aac80000,0x00000007ac934870,0x00000007ac980000)
  to   space 33792K, 0% used [0x00000007a8780000,0x00000007a8780000,0x00000007aa880000)
 ParOldGen       total 153088K, used 70101K [0x00000006e0c00000, 0x00000006ea180000, 0x0000000775980000)
  object space 153088K, 45% used [0x00000006e0c00000,0x00000006e5075740,0x00000006ea180000)
 Metaspace       used 20807K, capacity 21008K, committed 21248K, reserved 1067008K
  class space    used 2653K, capacity 2730K, committed 2816K, reserved 1048576K
Event: 9.418 GC heap after
Heap after GC invocations=12 (full 1):
 PSYoungGen      total 867328K, used 30627K [0x0000000775980000, 0x00000007bbf80000, 0x00000007c0000000)
  eden space 833536K, 0% used [0x0000000775980000,0x0000000775980000,0x00000007a8780000)
  from space 33792K, 90% used [0x00000007a8780000,0x00000007aa568f18,0x00000007aa880000)
  to   space 37376K, 0% used [0x00000007b9b00000,0x00000007b9b00000,0x00000007bbf80000)
 ParOldGen       total 153088K, used 70972K [0x00000006e0c00000, 0x00000006ea180000, 0x0000000775980000)
  object space 153088K, 46% used [0x00000006e0c00000,0x00000006e514f368,0x00000006ea180000)
 Metaspace       used 20807K, capacity 21008K, committed 21248K, reserved 1067008K
  class space    used 2653K, capacity 2730K, committed 2816K, reserved 1048576K
}
Event: 9.418 GC heap before
{Heap before GC invocations=13 (full 2):
 PSYoungGen      total 867328K, used 30627K [0x0000000775980000, 0x00000007bbf80000, 0x00000007c0000000)
  eden space 833536K, 0% used [0x0000000775980000,0x0000000775980000,0x00000007a8780000)
  from space 33792K, 90% used [0x00000007a8780000,0x00000007aa568f18,0x00000007aa880000)
  to   space 37376K, 0% used [0x00000007b9b00000,0x00000007b9b00000,0x00000007bbf80000)
 ParOldGen       total 153088K, used 70972K [0x00000006e0c00000, 0x00000006ea180000, 0x0000000775980000)
  object space 153088K, 46% used [0x00000006e0c00000,0x00000006e514f368,0x00000006ea180000)
 Metaspace       used 20807K, capacity 21008K, committed 21248K, reserved 1067008K
  class space    used 2653K, capacity 2730K, committed 2816K, reserved 1048576K
Event: 9.677 GC heap after
Heap after GC invocations=13 (full 2):
 PSYoungGen      total 867328K, used 0K [0x0000000775980000, 0x00000007bbf80000, 0x00000007c0000000)
  eden space 833536K, 0% used [0x0000000775980000,0x0000000775980000,0x00000007a8780000)
  from space 33792K, 0% used [0x00000007a8780000,0x00000007a8780000,0x00000007aa880000)
  to   space 37376K, 0% used [0x00000007b9b00000,0x00000007b9b00000,0x00000007bbf80000)
 ParOldGen       total 165376K, used 70945K [0x00000006e0c00000, 0x00000006ead80000, 0x0000000775980000)
  object space 165376K, 42% used [0x00000006e0c00000,0x00000006e51485d8,0x00000006ead80000)
 Metaspace       used 20807K, capacity 21008K, committed 21248K, reserved 1067008K
  class space    used 2653K, capacity 2730K, committed 2816K, reserved 1048576K
}

